{"timestamp":"2025-09-20T15:17:25.250318","level":"info","event":"DAG bundles loaded: dags-folder","logger":"airflow.dag_processing.bundles.manager.DagBundlesManager"}
{"timestamp":"2025-09-20T15:17:25.251061","level":"info","event":"Filling up the DagBag from /opt/airflow/dags/weather_pipeline.py","logger":"airflow.models.dagbag.DagBag"}
{"timestamp":"2025-09-20T15:17:25.515683","level":"info","event":"Tmp dir root location: /tmp","logger":"airflow.task.hooks.airflow.providers.standard.hooks.subprocess.SubprocessHook"}
{"timestamp":"2025-09-20T15:17:25.517452","level":"info","event":"Running command: ['/usr/bin/bash', '-c', 'cd /opt/airflow/weather_dbt && dbt run --profiles-dir /opt/airflow/weather_dbt']","logger":"airflow.task.hooks.airflow.providers.standard.hooks.subprocess.SubprocessHook"}
{"timestamp":"2025-09-20T15:17:25.527583","level":"info","event":"Output:","logger":"airflow.task.hooks.airflow.providers.standard.hooks.subprocess.SubprocessHook"}
{"timestamp":"2025-09-20T15:17:27.103108","level":"info","event":"\u001b[0m15:17:27  Running with dbt=1.7.0","logger":"airflow.task.hooks.airflow.providers.standard.hooks.subprocess.SubprocessHook"}
{"timestamp":"2025-09-20T15:17:27.254110","level":"info","event":"\u001b[0m15:17:27  Registered adapter: postgres=1.7.0","logger":"airflow.task.hooks.airflow.providers.standard.hooks.subprocess.SubprocessHook"}
{"timestamp":"2025-09-20T15:17:27.286013","level":"info","event":"\u001b[0m15:17:27  Found 1 model, 1 source, 0 exposures, 0 metrics, 401 macros, 0 groups, 0 semantic models","logger":"airflow.task.hooks.airflow.providers.standard.hooks.subprocess.SubprocessHook"}
{"timestamp":"2025-09-20T15:17:27.287361","level":"info","event":"\u001b[0m15:17:27","logger":"airflow.task.hooks.airflow.providers.standard.hooks.subprocess.SubprocessHook"}
{"timestamp":"2025-09-20T15:17:27.345357","level":"info","event":"\u001b[0m15:17:27  Concurrency: 1 threads (target='dev')","logger":"airflow.task.hooks.airflow.providers.standard.hooks.subprocess.SubprocessHook"}
{"timestamp":"2025-09-20T15:17:27.346366","level":"info","event":"\u001b[0m15:17:27","logger":"airflow.task.hooks.airflow.providers.standard.hooks.subprocess.SubprocessHook"}
{"timestamp":"2025-09-20T15:17:27.354781","level":"info","event":"\u001b[0m15:17:27  1 of 1 START sql table model analytics.weather_summary ......................... [RUN]","logger":"airflow.task.hooks.airflow.providers.standard.hooks.subprocess.SubprocessHook"}
{"timestamp":"2025-09-20T15:17:27.392984","level":"info","event":"\u001b[0m15:17:27  1 of 1 ERROR creating sql table model analytics.weather_summary ................ [\u001b[31mERROR\u001b[0m in 0.04s]","logger":"airflow.task.hooks.airflow.providers.standard.hooks.subprocess.SubprocessHook"}
{"timestamp":"2025-09-20T15:17:27.399667","level":"info","event":"\u001b[0m15:17:27","logger":"airflow.task.hooks.airflow.providers.standard.hooks.subprocess.SubprocessHook"}
{"timestamp":"2025-09-20T15:17:27.400042","level":"info","event":"\u001b[0m15:17:27  Finished running 1 table model in 0 hours 0 minutes and 0.11 seconds (0.11s).","logger":"airflow.task.hooks.airflow.providers.standard.hooks.subprocess.SubprocessHook"}
{"timestamp":"2025-09-20T15:17:27.404724","level":"info","event":"\u001b[0m15:17:27","logger":"airflow.task.hooks.airflow.providers.standard.hooks.subprocess.SubprocessHook"}
{"timestamp":"2025-09-20T15:17:27.405002","level":"info","event":"\u001b[0m15:17:27  \u001b[31mCompleted with 1 error and 0 warnings:\u001b[0m","logger":"airflow.task.hooks.airflow.providers.standard.hooks.subprocess.SubprocessHook"}
{"timestamp":"2025-09-20T15:17:27.405232","level":"info","event":"\u001b[0m15:17:27","logger":"airflow.task.hooks.airflow.providers.standard.hooks.subprocess.SubprocessHook"}
{"timestamp":"2025-09-20T15:17:27.405475","level":"info","event":"\u001b[0m15:17:27    Database Error in model weather_summary (models/weather_summary/weather_summary.sql)","logger":"airflow.task.hooks.airflow.providers.standard.hooks.subprocess.SubprocessHook"}
{"timestamp":"2025-09-20T15:17:27.405514","level":"info","event":"  relation \"staging.clean_weather_data\" does not exist","logger":"airflow.task.hooks.airflow.providers.standard.hooks.subprocess.SubprocessHook"}
{"timestamp":"2025-09-20T15:17:27.405537","level":"info","event":"  LINE 13:     select * from \"airflow\".\"staging\".\"clean_weather_data\"","logger":"airflow.task.hooks.airflow.providers.standard.hooks.subprocess.SubprocessHook"}
{"timestamp":"2025-09-20T15:17:27.405557","level":"info","event":"                             ^","logger":"airflow.task.hooks.airflow.providers.standard.hooks.subprocess.SubprocessHook"}
{"timestamp":"2025-09-20T15:17:27.405576","level":"info","event":"  compiled Code at target/run/weather_dbt/models/weather_summary/weather_summary.sql","logger":"airflow.task.hooks.airflow.providers.standard.hooks.subprocess.SubprocessHook"}
{"timestamp":"2025-09-20T15:17:27.405786","level":"info","event":"\u001b[0m15:17:27","logger":"airflow.task.hooks.airflow.providers.standard.hooks.subprocess.SubprocessHook"}
{"timestamp":"2025-09-20T15:17:27.406123","level":"info","event":"\u001b[0m15:17:27  Done. PASS=0 WARN=0 ERROR=1 SKIP=0 TOTAL=1","logger":"airflow.task.hooks.airflow.providers.standard.hooks.subprocess.SubprocessHook"}
{"timestamp":"2025-09-20T15:17:29.116982","level":"info","event":"Command exited with return code 1","logger":"airflow.task.hooks.airflow.providers.standard.hooks.subprocess.SubprocessHook"}
{"timestamp":"2025-09-20T15:17:29.121938","level":"error","event":"Task failed with exception","logger":"task","error_detail":[{"exc_type":"AirflowException","exc_value":"Bash command failed. The command returned a non-zero exit code 1.","exc_notes":[],"syntax_error":null,"is_cause":false,"frames":[{"filename":"/home/airflow/.local/lib/python3.12/site-packages/airflow/sdk/execution_time/task_runner.py","lineno":825,"name":"run"},{"filename":"/home/airflow/.local/lib/python3.12/site-packages/airflow/sdk/execution_time/task_runner.py","lineno":1088,"name":"_execute_task"},{"filename":"/home/airflow/.local/lib/python3.12/site-packages/airflow/sdk/bases/operator.py","lineno":408,"name":"wrapper"},{"filename":"/home/airflow/.local/lib/python3.12/site-packages/airflow/providers/standard/decorators/bash.py","lineno":100,"name":"execute"},{"filename":"/home/airflow/.local/lib/python3.12/site-packages/airflow/sdk/bases/operator.py","lineno":408,"name":"wrapper"},{"filename":"/home/airflow/.local/lib/python3.12/site-packages/airflow/sdk/bases/decorator.py","lineno":251,"name":"execute"},{"filename":"/home/airflow/.local/lib/python3.12/site-packages/airflow/sdk/bases/operator.py","lineno":408,"name":"wrapper"},{"filename":"/home/airflow/.local/lib/python3.12/site-packages/airflow/providers/standard/operators/bash.py","lineno":233,"name":"execute"}]}]}
