{"timestamp":"2025-09-20T15:34:36.273416","level":"info","event":"DAG bundles loaded: dags-folder","logger":"airflow.dag_processing.bundles.manager.DagBundlesManager"}
{"timestamp":"2025-09-20T15:34:36.274616","level":"info","event":"Filling up the DagBag from /opt/airflow/dags/weather_pipeline.py","logger":"airflow.models.dagbag.DagBag"}
{"timestamp":"2025-09-20T15:34:36.720082","level":"info","event":"Tmp dir root location: /tmp","logger":"airflow.task.hooks.airflow.providers.standard.hooks.subprocess.SubprocessHook"}
{"timestamp":"2025-09-20T15:34:36.723127","level":"info","event":"Running command: ['/usr/bin/bash', '-c', 'cd /opt/airflow/weather_dbt && dbt run --profiles-dir /opt/airflow/weather_dbt']","logger":"airflow.task.hooks.airflow.providers.standard.hooks.subprocess.SubprocessHook"}
{"timestamp":"2025-09-20T15:34:36.745860","level":"info","event":"Output:","logger":"airflow.task.hooks.airflow.providers.standard.hooks.subprocess.SubprocessHook"}
{"timestamp":"2025-09-20T15:34:38.821705","level":"info","event":"\u001b[0m15:34:38  Running with dbt=1.7.0","logger":"airflow.task.hooks.airflow.providers.standard.hooks.subprocess.SubprocessHook"}
{"timestamp":"2025-09-20T15:34:39.056988","level":"info","event":"\u001b[0m15:34:39  Registered adapter: postgres=1.7.0","logger":"airflow.task.hooks.airflow.providers.standard.hooks.subprocess.SubprocessHook"}
{"timestamp":"2025-09-20T15:34:39.106310","level":"info","event":"\u001b[0m15:34:39  Found 1 model, 1 source, 0 exposures, 0 metrics, 401 macros, 0 groups, 0 semantic models","logger":"airflow.task.hooks.airflow.providers.standard.hooks.subprocess.SubprocessHook"}
{"timestamp":"2025-09-20T15:34:39.108539","level":"info","event":"\u001b[0m15:34:39","logger":"airflow.task.hooks.airflow.providers.standard.hooks.subprocess.SubprocessHook"}
{"timestamp":"2025-09-20T15:34:39.232342","level":"info","event":"\u001b[0m15:34:39  Concurrency: 1 threads (target='dev')","logger":"airflow.task.hooks.airflow.providers.standard.hooks.subprocess.SubprocessHook"}
{"timestamp":"2025-09-20T15:34:39.232781","level":"info","event":"\u001b[0m15:34:39","logger":"airflow.task.hooks.airflow.providers.standard.hooks.subprocess.SubprocessHook"}
{"timestamp":"2025-09-20T15:34:39.249396","level":"info","event":"\u001b[0m15:34:39  1 of 1 START sql table model reporting.weather_summary ......................... [RUN]","logger":"airflow.task.hooks.airflow.providers.standard.hooks.subprocess.SubprocessHook"}
{"timestamp":"2025-09-20T15:34:39.346866","level":"info","event":"\u001b[0m15:34:39  1 of 1 OK created sql table model reporting.weather_summary .................... [\u001b[32mSELECT 8\u001b[0m in 0.10s]","logger":"airflow.task.hooks.airflow.providers.standard.hooks.subprocess.SubprocessHook"}
{"timestamp":"2025-09-20T15:34:39.360840","level":"info","event":"\u001b[0m15:34:39","logger":"airflow.task.hooks.airflow.providers.standard.hooks.subprocess.SubprocessHook"}
{"timestamp":"2025-09-20T15:34:39.361103","level":"info","event":"\u001b[0m15:34:39  Finished running 1 table model in 0 hours 0 minutes and 0.25 seconds (0.25s).","logger":"airflow.task.hooks.airflow.providers.standard.hooks.subprocess.SubprocessHook"}
{"timestamp":"2025-09-20T15:34:39.370157","level":"info","event":"\u001b[0m15:34:39","logger":"airflow.task.hooks.airflow.providers.standard.hooks.subprocess.SubprocessHook"}
{"timestamp":"2025-09-20T15:34:39.370497","level":"info","event":"\u001b[0m15:34:39  \u001b[32mCompleted successfully\u001b[0m","logger":"airflow.task.hooks.airflow.providers.standard.hooks.subprocess.SubprocessHook"}
{"timestamp":"2025-09-20T15:34:39.370907","level":"info","event":"\u001b[0m15:34:39","logger":"airflow.task.hooks.airflow.providers.standard.hooks.subprocess.SubprocessHook"}
{"timestamp":"2025-09-20T15:34:39.371288","level":"info","event":"\u001b[0m15:34:39  Done. PASS=1 WARN=0 ERROR=0 SKIP=0 TOTAL=1","logger":"airflow.task.hooks.airflow.providers.standard.hooks.subprocess.SubprocessHook"}
{"timestamp":"2025-09-20T15:34:42.199140","level":"info","event":"Command exited with return code 0","logger":"airflow.task.hooks.airflow.providers.standard.hooks.subprocess.SubprocessHook"}
{"timestamp":"2025-09-20T15:34:42.314357Z","level":"error","event":"Server indicated the task shouldn't be running anymore. Terminating process","detail":{"detail":{"reason":"not_found","message":"Task Instance not found"}},"logger":"task"}
{"timestamp":"2025-09-20T15:34:42.204412","level":"info","event":"Pushing xcom","ti":"RuntimeTaskInstance(id=UUID('019967c2-e9ca-7e6f-a255-feb17e827e56'), task_id='transform_weather_data', dag_id='weather_pipeline', run_id='__airflow_temporary_run_2025-09-20T15:34:11.118051+00:00__', try_number=1, map_index=-1, hostname='04a55c4f4fc9', context_carrier=None, task=<Task(_BashDecoratedOperator): transform_weather_data>, bundle_instance=LocalDagBundle(name=dags-folder), max_tries=0, start_date=datetime.datetime(2025, 9, 20, 15, 34, 36, 117638, tzinfo=TzInfo(UTC)), end_date=None, is_mapped=False)","logger":"task"}
{"timestamp":"2025-09-20T15:34:42.327771Z","level":"error","event":"Task killed!","logger":"task"}
