[0m13:00:12.943933 [debug] [MainThread]: Sending event: {'category': 'dbt', 'action': 'invocation', 'label': 'start', 'context': [<snowplow_tracker.self_describing_json.SelfDescribingJson object at 0x122cbcfd0>, <snowplow_tracker.self_describing_json.SelfDescribingJson object at 0x122d01810>, <snowplow_tracker.self_describing_json.SelfDescribingJson object at 0x122d01d50>]}


============================== 13:00:12.958356 | 70e72927-55fc-442a-89c0-8556ca579f48 ==============================
[0m13:00:12.958356 [info ] [MainThread]: Running with dbt=1.7.19
[0m13:00:12.958730 [debug] [MainThread]: running dbt with arguments {'printer_width': '80', 'indirect_selection': 'eager', 'write_json': 'True', 'log_cache_events': 'False', 'partial_parse': 'True', 'cache_selected_only': 'False', 'profiles_dir': '/Users/next/.dbt', 'version_check': 'True', 'debug': 'False', 'log_path': 'logs', 'fail_fast': 'False', 'warn_error': 'None', 'use_colors': 'True', 'use_experimental_parser': 'False', 'no_print': 'None', 'quiet': 'False', 'warn_error_options': 'WarnErrorOptions(include=[], exclude=[])', 'invocation_command': 'dbt init my_dbt_project', 'static_parser': 'True', 'log_format': 'default', 'target_path': 'None', 'introspect': 'True', 'send_anonymous_usage_stats': 'True'}
[0m13:00:12.959075 [warn ] [MainThread]: [ConfigFolderDirectory]: Unable to parse dict {'dir': PosixPath('/Users/next/.dbt')}
[0m13:00:12.959255 [info ] [MainThread]: Creating dbt configuration folder at 
[0m13:00:12.960439 [debug] [MainThread]: Starter project path: /Users/next/ENVIROMENT/python/real_time_city_monitor_airflow/.venv/lib/python3.11/site-packages/dbt/include/starter_project
[0m13:00:12.967037 [info ] [MainThread]: 
Your new dbt project "my_dbt_project" was created!

For more information on how to configure the profiles.yml file,
please consult the dbt documentation here:

  https://docs.getdbt.com/docs/configure-your-profile

One more thing:

Need help? Don't hesitate to reach out to us via GitHub issues or on Slack:

  https://community.getdbt.com/

Happy modeling!

[0m13:00:12.967263 [info ] [MainThread]: Setting up your profile.
[0m13:00:23.528435 [error] [MainThread]: Encountered an error:

[0m13:00:23.547284 [error] [MainThread]: Traceback (most recent call last):
  File "/Users/next/ENVIROMENT/python/real_time_city_monitor_airflow/.venv/lib/python3.11/site-packages/dbt/cli/requires.py", line 91, in wrapper
    result, success = func(*args, **kwargs)
                      ^^^^^^^^^^^^^^^^^^^^^
  File "/Users/next/ENVIROMENT/python/real_time_city_monitor_airflow/.venv/lib/python3.11/site-packages/dbt/cli/requires.py", line 76, in wrapper
    return func(*args, **kwargs)
           ^^^^^^^^^^^^^^^^^^^^^
  File "/Users/next/ENVIROMENT/python/real_time_city_monitor_airflow/.venv/lib/python3.11/site-packages/dbt/cli/main.py", line 516, in init
    results = task.run()
              ^^^^^^^^^^
  File "/Users/next/ENVIROMENT/python/real_time_city_monitor_airflow/.venv/lib/python3.11/site-packages/dbt/task/init.py", line 344, in run
    self.setup_profile(profile_name)
  File "/Users/next/ENVIROMENT/python/real_time_city_monitor_airflow/.venv/lib/python3.11/site-packages/dbt/task/init.py", line 263, in setup_profile
    adapter = self.ask_for_adapter_choice()
              ^^^^^^^^^^^^^^^^^^^^^^^^^^^^^
  File "/Users/next/ENVIROMENT/python/real_time_city_monitor_airflow/.venv/lib/python3.11/site-packages/dbt/task/init.py", line 244, in ask_for_adapter_choice
    numeric_choice = click.prompt(prompt_msg, type=click.INT)
                     ^^^^^^^^^^^^^^^^^^^^^^^^^^^^^^^^^^^^^^^^
  File "/Users/next/ENVIROMENT/python/real_time_city_monitor_airflow/.venv/lib/python3.11/site-packages/click/termui.py", line 168, in prompt
    value = prompt_func(prompt)
            ^^^^^^^^^^^^^^^^^^^
  File "/Users/next/ENVIROMENT/python/real_time_city_monitor_airflow/.venv/lib/python3.11/site-packages/click/termui.py", line 151, in prompt_func
    raise Abort() from None
click.exceptions.Abort

[0m13:00:23.549399 [debug] [MainThread]: Resource report: {"command_name": "init", "command_wall_clock_time": 10.64312, "process_user_time": 1.015826, "process_kernel_time": 0.236593, "process_mem_max_rss": "111132672", "command_success": false, "process_in_blocks": "0", "process_out_blocks": "0"}
[0m13:00:23.550429 [debug] [MainThread]: Command `dbt init` failed at 13:00:23.550229 after 10.64 seconds
[0m13:00:23.551714 [debug] [MainThread]: Sending event: {'category': 'dbt', 'action': 'invocation', 'label': 'end', 'context': [<snowplow_tracker.self_describing_json.SelfDescribingJson object at 0x122c9b290>, <snowplow_tracker.self_describing_json.SelfDescribingJson object at 0x122d02c90>, <snowplow_tracker.self_describing_json.SelfDescribingJson object at 0x122cef850>]}
[0m13:00:23.552642 [debug] [MainThread]: Flushing usage events
[0m13:00:36.111853 [debug] [MainThread]: Sending event: {'category': 'dbt', 'action': 'invocation', 'label': 'start', 'context': [<snowplow_tracker.self_describing_json.SelfDescribingJson object at 0x115a5d910>, <snowplow_tracker.self_describing_json.SelfDescribingJson object at 0x115aacd50>, <snowplow_tracker.self_describing_json.SelfDescribingJson object at 0x115aad2d0>]}


============================== 13:00:36.114132 | 1490913d-1185-423b-9367-ae230c1747cb ==============================
[0m13:00:36.114132 [info ] [MainThread]: Running with dbt=1.7.19
[0m13:00:36.114424 [debug] [MainThread]: running dbt with arguments {'printer_width': '80', 'indirect_selection': 'eager', 'log_cache_events': 'False', 'write_json': 'True', 'partial_parse': 'True', 'cache_selected_only': 'False', 'profiles_dir': '/Users/next/.dbt', 'version_check': 'True', 'warn_error': 'None', 'log_path': 'logs', 'fail_fast': 'False', 'debug': 'False', 'use_colors': 'True', 'use_experimental_parser': 'False', 'no_print': 'None', 'quiet': 'False', 'log_format': 'default', 'static_parser': 'True', 'introspect': 'True', 'invocation_command': 'dbt init tests', 'target_path': 'None', 'warn_error_options': 'WarnErrorOptions(include=[], exclude=[])', 'send_anonymous_usage_stats': 'True'}
[0m13:00:36.114989 [debug] [MainThread]: Starter project path: /Users/next/ENVIROMENT/python/real_time_city_monitor_airflow/.venv/lib/python3.11/site-packages/dbt/include/starter_project
[0m13:00:36.120037 [info ] [MainThread]: 
Your new dbt project "tests" was created!

For more information on how to configure the profiles.yml file,
please consult the dbt documentation here:

  https://docs.getdbt.com/docs/configure-your-profile

One more thing:

Need help? Don't hesitate to reach out to us via GitHub issues or on Slack:

  https://community.getdbt.com/

Happy modeling!

[0m13:00:36.120266 [info ] [MainThread]: Setting up your profile.
[0m13:00:38.569353 [info ] [MainThread]: Profile tests written to /Users/next/.dbt/profiles.yml using target's sample configuration. Once updated, you'll be able to start developing with dbt.
[0m13:00:38.569897 [debug] [MainThread]: Resource report: {"command_name": "init", "command_success": true, "command_wall_clock_time": 2.4836652, "process_user_time": 0.807192, "process_kernel_time": 0.150716, "process_mem_max_rss": "105594880", "process_in_blocks": "0", "process_out_blocks": "0"}
[0m13:00:38.570202 [debug] [MainThread]: Command `dbt init` succeeded at 13:00:38.570130 after 2.48 seconds
[0m13:00:38.570421 [debug] [MainThread]: Sending event: {'category': 'dbt', 'action': 'invocation', 'label': 'end', 'context': [<snowplow_tracker.self_describing_json.SelfDescribingJson object at 0x104e1e250>, <snowplow_tracker.self_describing_json.SelfDescribingJson object at 0x115aac090>, <snowplow_tracker.self_describing_json.SelfDescribingJson object at 0x115aad1d0>]}
[0m13:00:38.570662 [debug] [MainThread]: Flushing usage events
[0m13:28:38.356879 [debug] [MainThread]: Sending event: {'category': 'dbt', 'action': 'invocation', 'label': 'start', 'context': [<snowplow_tracker.self_describing_json.SelfDescribingJson object at 0x1072eec50>, <snowplow_tracker.self_describing_json.SelfDescribingJson object at 0x10733d410>, <snowplow_tracker.self_describing_json.SelfDescribingJson object at 0x10733d9d0>]}


============================== 13:28:38.359419 | aeccc032-fa6c-48fb-bfbe-e8dd846c51fd ==============================
[0m13:28:38.359419 [info ] [MainThread]: Running with dbt=1.7.19
[0m13:28:38.359698 [debug] [MainThread]: running dbt with arguments {'printer_width': '80', 'indirect_selection': 'eager', 'log_cache_events': 'False', 'write_json': 'True', 'partial_parse': 'True', 'cache_selected_only': 'False', 'profiles_dir': '/Users/next/.dbt', 'fail_fast': 'False', 'warn_error': 'None', 'log_path': 'logs', 'version_check': 'True', 'debug': 'False', 'use_colors': 'True', 'use_experimental_parser': 'False', 'no_print': 'None', 'quiet': 'False', 'log_format': 'default', 'invocation_command': 'dbt test --models weather_summary', 'introspect': 'True', 'warn_error_options': 'WarnErrorOptions(include=[], exclude=[])', 'target_path': 'None', 'static_parser': 'True', 'send_anonymous_usage_stats': 'True'}
[0m13:28:38.359997 [error] [MainThread]: Encountered an error:
Runtime Error
  No dbt_project.yml found at expected path /Users/next/ENVIROMENT/python/real_time_city_monitor_airflow/dbt_project.yml
  Verify that each entry within packages.yml (and their transitive dependencies) contains a file named dbt_project.yml
  
[0m13:28:38.360303 [debug] [MainThread]: Resource report: {"command_name": "test", "command_wall_clock_time": 0.032445583, "process_user_time": 0.734082, "process_kernel_time": 0.144634, "process_mem_max_rss": "104202240", "command_success": false, "process_in_blocks": "0", "process_out_blocks": "0"}
[0m13:28:38.360524 [debug] [MainThread]: Command `dbt test` failed at 13:28:38.360460 after 0.03 seconds
[0m13:28:38.360715 [debug] [MainThread]: Sending event: {'category': 'dbt', 'action': 'invocation', 'label': 'end', 'context': [<snowplow_tracker.self_describing_json.SelfDescribingJson object at 0x1028b2210>, <snowplow_tracker.self_describing_json.SelfDescribingJson object at 0x10733ccd0>, <snowplow_tracker.self_describing_json.SelfDescribingJson object at 0x10274c850>]}
[0m13:28:38.360889 [debug] [MainThread]: Flushing usage events
[0m14:14:47.124185 [debug] [MainThread]: Sending event: {'category': 'dbt', 'action': 'invocation', 'label': 'start', 'context': [<snowplow_tracker.self_describing_json.SelfDescribingJson object at 0x109280a90>, <snowplow_tracker.self_describing_json.SelfDescribingJson object at 0x108e16410>, <snowplow_tracker.self_describing_json.SelfDescribingJson object at 0x1092afd50>]}


============================== 14:14:47.127316 | 5711c24c-9f42-4262-9532-f18129e833ed ==============================
[0m14:14:47.127316 [info ] [MainThread]: Running with dbt=1.7.19
[0m14:14:47.127683 [debug] [MainThread]: running dbt with arguments {'printer_width': '80', 'indirect_selection': 'eager', 'log_cache_events': 'False', 'write_json': 'True', 'partial_parse': 'True', 'cache_selected_only': 'False', 'profiles_dir': '/Users/next/.dbt', 'debug': 'False', 'fail_fast': 'False', 'log_path': 'logs', 'version_check': 'True', 'warn_error': 'None', 'use_colors': 'True', 'use_experimental_parser': 'False', 'no_print': 'None', 'quiet': 'False', 'log_format': 'default', 'introspect': 'True', 'invocation_command': 'dbt init dbt', 'static_parser': 'True', 'target_path': 'None', 'warn_error_options': 'WarnErrorOptions(include=[], exclude=[])', 'send_anonymous_usage_stats': 'True'}
[0m14:15:32.631727 [debug] [MainThread]: Starter project path: /Users/next/ENVIROMENT/python/real_time_city_monitor_airflow/.venv/lib/python3.11/site-packages/dbt/include/starter_project
[0m14:15:32.644356 [info ] [MainThread]: 
Your new dbt project "weather_dbt" was created!

For more information on how to configure the profiles.yml file,
please consult the dbt documentation here:

  https://docs.getdbt.com/docs/configure-your-profile

One more thing:

Need help? Don't hesitate to reach out to us via GitHub issues or on Slack:

  https://community.getdbt.com/

Happy modeling!

[0m14:15:32.644780 [info ] [MainThread]: Setting up your profile.
[0m14:15:46.899915 [debug] [MainThread]: Resource report: {"command_name": "init", "command_success": true, "command_wall_clock_time": 59.808838, "process_user_time": 0.787244, "process_kernel_time": 0.226573, "process_mem_max_rss": "102694912", "process_in_blocks": "0", "process_out_blocks": "0"}
[0m14:15:46.901520 [debug] [MainThread]: Command `dbt init` succeeded at 14:15:46.901345 after 59.81 seconds
[0m14:15:46.901886 [debug] [MainThread]: Sending event: {'category': 'dbt', 'action': 'invocation', 'label': 'end', 'context': [<snowplow_tracker.self_describing_json.SelfDescribingJson object at 0x1092a6e10>, <snowplow_tracker.self_describing_json.SelfDescribingJson object at 0x1094e5b10>, <snowplow_tracker.self_describing_json.SelfDescribingJson object at 0x1092c4d90>]}
[0m14:15:46.902179 [debug] [MainThread]: Flushing usage events
[0m14:27:46.864083 [debug] [MainThread]: Sending event: {'category': 'dbt', 'action': 'invocation', 'label': 'start', 'context': [<snowplow_tracker.self_describing_json.SelfDescribingJson object at 0x104f27e10>, <snowplow_tracker.self_describing_json.SelfDescribingJson object at 0x104a95c90>, <snowplow_tracker.self_describing_json.SelfDescribingJson object at 0x104f2f990>]}


============================== 14:27:46.866566 | 7c767197-ed4f-4b28-ab74-3635b956df30 ==============================
[0m14:27:46.866566 [info ] [MainThread]: Running with dbt=1.7.19
[0m14:27:46.866854 [debug] [MainThread]: running dbt with arguments {'printer_width': '80', 'indirect_selection': 'eager', 'log_cache_events': 'False', 'write_json': 'True', 'partial_parse': 'True', 'cache_selected_only': 'False', 'warn_error': 'None', 'debug': 'False', 'profiles_dir': '/Users/next/.dbt', 'log_path': 'logs', 'version_check': 'True', 'fail_fast': 'False', 'use_colors': 'True', 'use_experimental_parser': 'False', 'no_print': 'None', 'quiet': 'False', 'warn_error_options': 'WarnErrorOptions(include=[], exclude=[])', 'static_parser': 'True', 'log_format': 'default', 'invocation_command': 'dbt debug', 'target_path': 'None', 'introspect': 'True', 'send_anonymous_usage_stats': 'True'}
[0m14:27:46.867176 [info ] [MainThread]: dbt version: 1.7.19
[0m14:27:46.867326 [info ] [MainThread]: python version: 3.11.13
[0m14:27:46.867468 [info ] [MainThread]: python path: /Users/next/ENVIROMENT/python/real_time_city_monitor_airflow/.venv/bin/python3
[0m14:27:46.867597 [info ] [MainThread]: os info: macOS-15.6-arm64-arm-64bit
[0m14:27:46.968752 [info ] [MainThread]: Using profiles dir at /Users/next/.dbt
[0m14:27:46.969003 [info ] [MainThread]: Using profiles.yml file at /Users/next/.dbt/profiles.yml
[0m14:27:46.969140 [info ] [MainThread]: Using dbt_project.yml file at /Users/next/ENVIROMENT/python/real_time_city_monitor_airflow/dbt_project.yml
[0m14:27:46.969468 [info ] [MainThread]: adapter type: mysql
[0m14:27:46.969596 [info ] [MainThread]: adapter version: 1.7.0
[0m14:27:46.969726 [info ] [MainThread]: Configuration:
[0m14:27:46.969844 [info ] [MainThread]:   profiles.yml file [[32mOK found and valid[0m]
[0m14:27:46.969960 [info ] [MainThread]:   dbt_project.yml file [[31mERROR not found[0m]
[0m14:27:46.970075 [info ] [MainThread]: Required dependencies:
[0m14:27:46.970226 [debug] [MainThread]: Executing "git --help"
[0m14:27:46.988703 [debug] [MainThread]: STDOUT: "b"usage: git [-v | --version] [-h | --help] [-C <path>] [-c <name>=<value>]\n           [--exec-path[=<path>]] [--html-path] [--man-path] [--info-path]\n           [-p | --paginate | -P | --no-pager] [--no-replace-objects] [--bare]\n           [--git-dir=<path>] [--work-tree=<path>] [--namespace=<name>]\n           [--super-prefix=<path>] [--config-env=<name>=<envvar>]\n           <command> [<args>]\n\nThese are common Git commands used in various situations:\n\nstart a working area (see also: git help tutorial)\n   clone     Clone a repository into a new directory\n   init      Create an empty Git repository or reinitialize an existing one\n\nwork on the current change (see also: git help everyday)\n   add       Add file contents to the index\n   mv        Move or rename a file, a directory, or a symlink\n   restore   Restore working tree files\n   rm        Remove files from the working tree and from the index\n\nexamine the history and state (see also: git help revisions)\n   bisect    Use binary search to find the commit that introduced a bug\n   diff      Show changes between commits, commit and working tree, etc\n   grep      Print lines matching a pattern\n   log       Show commit logs\n   show      Show various types of objects\n   status    Show the working tree status\n\ngrow, mark and tweak your common history\n   branch    List, create, or delete branches\n   commit    Record changes to the repository\n   merge     Join two or more development histories together\n   rebase    Reapply commits on top of another base tip\n   reset     Reset current HEAD to the specified state\n   switch    Switch branches\n   tag       Create, list, delete or verify a tag object signed with GPG\n\ncollaborate (see also: git help workflows)\n   fetch     Download objects and refs from another repository\n   pull      Fetch from and integrate with another repository or a local branch\n   push      Update remote refs along with associated objects\n\n'git help -a' and 'git help -g' list available subcommands and some\nconcept guides. See 'git help <command>' or 'git help <concept>'\nto read about a specific subcommand or concept.\nSee 'git help git' for an overview of the system.\n""
[0m14:27:46.989196 [debug] [MainThread]: STDERR: "b''"
[0m14:27:46.989360 [info ] [MainThread]:  - git [[32mOK found[0m]

[0m14:27:46.989508 [info ] [MainThread]: Connection:
[0m14:27:46.989676 [info ] [MainThread]:   server: localhost
[0m14:27:46.989791 [info ] [MainThread]:   unix_socket: None
[0m14:27:46.989903 [info ] [MainThread]:   port: 3306
[0m14:27:46.990008 [info ] [MainThread]:   database: None
[0m14:27:46.990117 [info ] [MainThread]:   schema: data_engineering
[0m14:27:46.990224 [info ] [MainThread]:   user: airflow
[0m14:27:46.990489 [info ] [MainThread]: Registered adapter: mysql=1.7.0
[0m14:27:46.993241 [debug] [MainThread]: Acquiring new mysql connection 'debug'
[0m14:27:46.993598 [debug] [MainThread]: Using mysql connection "debug"
[0m14:27:46.993726 [debug] [MainThread]: On debug: select 1 as id
[0m14:27:46.993853 [debug] [MainThread]: Opening a new connection, currently in state init
[0m14:27:47.134289 [debug] [MainThread]: SQL status: SUCCESS 1 in 0.0 seconds
[0m14:27:47.135447 [debug] [MainThread]: On debug: Close
[0m14:27:47.135810 [info ] [MainThread]:   Connection test: [[32mOK connection ok[0m]

[0m14:27:47.136106 [info ] [MainThread]: [31m1 check failed:[0m
[0m14:27:47.136325 [info ] [MainThread]: Project loading failed for the following reason:
 project path </Users/next/ENVIROMENT/python/real_time_city_monitor_airflow/dbt_project.yml> not found

[0m14:27:47.136884 [debug] [MainThread]: Resource report: {"command_name": "debug", "command_wall_clock_time": 0.30454764, "process_user_time": 0.760511, "process_kernel_time": 0.163269, "process_mem_max_rss": "116342784", "command_success": false, "process_in_blocks": "0", "process_out_blocks": "0"}
[0m14:27:47.137227 [debug] [MainThread]: Command `dbt debug` failed at 14:27:47.137138 after 0.30 seconds
[0m14:27:47.137492 [debug] [MainThread]: Connection 'debug' was properly closed.
[0m14:27:47.137754 [debug] [MainThread]: Sending event: {'category': 'dbt', 'action': 'invocation', 'label': 'end', 'context': [<snowplow_tracker.self_describing_json.SelfDescribingJson object at 0x104a95c90>, <snowplow_tracker.self_describing_json.SelfDescribingJson object at 0x1004cdf50>, <snowplow_tracker.self_describing_json.SelfDescribingJson object at 0x105163c10>]}
[0m14:27:47.138067 [debug] [MainThread]: Flushing usage events
[0m13:31:12.818929 [debug] [MainThread]: Sending event: {'category': 'dbt', 'action': 'invocation', 'label': 'start', 'context': [<snowplow_tracker.self_describing_json.SelfDescribingJson object at 0x1055aa590>, <snowplow_tracker.self_describing_json.SelfDescribingJson object at 0x10441e2d0>, <snowplow_tracker.self_describing_json.SelfDescribingJson object at 0x1055afd50>]}


============================== 13:31:12.821481 | f2c99826-bf99-4cb3-8c57-b7bbf1f32d2e ==============================
[0m13:31:12.821481 [info ] [MainThread]: Running with dbt=1.7.15
[0m13:31:12.821785 [debug] [MainThread]: running dbt with arguments {'printer_width': '80', 'indirect_selection': 'eager', 'log_cache_events': 'False', 'write_json': 'True', 'partial_parse': 'True', 'cache_selected_only': 'False', 'profiles_dir': '/Users/next/.dbt', 'debug': 'False', 'fail_fast': 'False', 'log_path': 'logs', 'version_check': 'True', 'warn_error': 'None', 'use_colors': 'True', 'use_experimental_parser': 'False', 'no_print': 'None', 'quiet': 'False', 'log_format': 'default', 'invocation_command': 'dbt init weather_dbt', 'warn_error_options': 'WarnErrorOptions(include=[], exclude=[])', 'static_parser': 'True', 'target_path': 'None', 'introspect': 'True', 'send_anonymous_usage_stats': 'True'}
[0m13:31:12.822460 [debug] [MainThread]: Starter project path: /Users/next/ENVIROMENT/python/real_time_city_monitor_airflow/.venv/lib/python3.11/site-packages/dbt/include/starter_project
[0m13:31:12.827542 [info ] [MainThread]: 
Your new dbt project "weather_dbt" was created!

For more information on how to configure the profiles.yml file,
please consult the dbt documentation here:

  https://docs.getdbt.com/docs/configure-your-profile

One more thing:

Need help? Don't hesitate to reach out to us via GitHub issues or on Slack:

  https://community.getdbt.com/

Happy modeling!

[0m13:31:12.827756 [info ] [MainThread]: Setting up your profile.
[0m13:31:23.253874 [debug] [MainThread]: Resource report: {"command_name": "init", "command_success": true, "command_wall_clock_time": 10.464765, "process_user_time": 0.741676, "process_kernel_time": 0.170476, "process_mem_max_rss": "105971712", "process_in_blocks": "0", "process_out_blocks": "0"}
[0m13:31:23.254354 [debug] [MainThread]: Command `dbt init` succeeded at 13:31:23.254274 after 10.47 seconds
[0m13:31:23.254526 [debug] [MainThread]: Sending event: {'category': 'dbt', 'action': 'invocation', 'label': 'end', 'context': [<snowplow_tracker.self_describing_json.SelfDescribingJson object at 0x10501ef50>, <snowplow_tracker.self_describing_json.SelfDescribingJson object at 0x100ada090>, <snowplow_tracker.self_describing_json.SelfDescribingJson object at 0x100974690>]}
[0m13:31:23.254692 [debug] [MainThread]: Flushing usage events
[0m23:58:21.385890 [debug] [MainThread]: Sending event: {'category': 'dbt', 'action': 'invocation', 'label': 'start', 'context': [<snowplow_tracker.self_describing_json.SelfDescribingJson object at 0x1028d6710>, <snowplow_tracker.self_describing_json.SelfDescribingJson object at 0x104edc950>, <snowplow_tracker.self_describing_json.SelfDescribingJson object at 0x104edd390>]}


============================== 23:58:21.388404 | f8fb133b-a1a1-4809-9c51-bb655a402102 ==============================
[0m23:58:21.388404 [info ] [MainThread]: Running with dbt=1.7.15
[0m23:58:21.388705 [debug] [MainThread]: running dbt with arguments {'printer_width': '80', 'indirect_selection': 'eager', 'write_json': 'True', 'log_cache_events': 'False', 'partial_parse': 'True', 'cache_selected_only': 'False', 'warn_error': 'None', 'fail_fast': 'False', 'debug': 'False', 'log_path': 'logs', 'profiles_dir': '/Users/next/.dbt', 'version_check': 'True', 'use_colors': 'True', 'use_experimental_parser': 'False', 'no_print': 'None', 'quiet': 'False', 'log_format': 'default', 'static_parser': 'True', 'invocation_command': 'dbt run', 'introspect': 'True', 'target_path': 'None', 'warn_error_options': 'WarnErrorOptions(include=[], exclude=[])', 'send_anonymous_usage_stats': 'True'}
[0m23:58:21.388987 [error] [MainThread]: Encountered an error:
Runtime Error
  No dbt_project.yml found at expected path /Users/next/ENVIROMENT/python/real_time_city_monitor_airflow/dbt_project.yml
  Verify that each entry within packages.yml (and their transitive dependencies) contains a file named dbt_project.yml
  
[0m23:58:21.389291 [debug] [MainThread]: Resource report: {"command_name": "run", "command_wall_clock_time": 0.031425, "process_user_time": 0.711223, "process_kernel_time": 0.142334, "process_mem_max_rss": "103399424", "command_success": false, "process_in_blocks": "0", "process_out_blocks": "0"}
[0m23:58:21.389527 [debug] [MainThread]: Command `dbt run` failed at 23:58:21.389467 after 0.03 seconds
[0m23:58:21.389722 [debug] [MainThread]: Sending event: {'category': 'dbt', 'action': 'invocation', 'label': 'end', 'context': [<snowplow_tracker.self_describing_json.SelfDescribingJson object at 0x104edf450>, <snowplow_tracker.self_describing_json.SelfDescribingJson object at 0x104eb85d0>, <snowplow_tracker.self_describing_json.SelfDescribingJson object at 0x100234650>]}
[0m23:58:21.389899 [debug] [MainThread]: Flushing usage events
[0m21:48:57.483347 [debug] [MainThread]: Sending event: {'category': 'dbt', 'action': 'invocation', 'label': 'start', 'context': [<snowplow_tracker.self_describing_json.SelfDescribingJson object at 0x10a179ed0>, <snowplow_tracker.self_describing_json.SelfDescribingJson object at 0x10a1e8bd0>, <snowplow_tracker.self_describing_json.SelfDescribingJson object at 0x10a1e93d0>]}


============================== 21:48:57.487932 | 9654f27e-6e07-4bd8-b6dc-55bcc683620b ==============================
[0m21:48:57.487932 [info ] [MainThread]: Running with dbt=1.7.15
[0m21:48:57.488432 [debug] [MainThread]: running dbt with arguments {'printer_width': '80', 'indirect_selection': 'eager', 'log_cache_events': 'False', 'write_json': 'True', 'partial_parse': 'True', 'cache_selected_only': 'False', 'warn_error': 'None', 'version_check': 'True', 'profiles_dir': '/Users/next/.dbt', 'log_path': 'logs', 'debug': 'False', 'fail_fast': 'False', 'use_colors': 'True', 'use_experimental_parser': 'False', 'no_print': 'None', 'quiet': 'False', 'warn_error_options': 'WarnErrorOptions(include=[], exclude=[])', 'introspect': 'True', 'static_parser': 'True', 'invocation_command': 'dbt debug', 'target_path': 'None', 'log_format': 'default', 'send_anonymous_usage_stats': 'True'}
[0m21:48:57.488854 [info ] [MainThread]: dbt version: 1.7.15
[0m21:48:57.489049 [info ] [MainThread]: python version: 3.11.13
[0m21:48:57.489230 [info ] [MainThread]: python path: /Users/next/ENVIROMENT/python/real_time_city_monitor_airflow/.venv/bin/python3
[0m21:48:57.489384 [info ] [MainThread]: os info: macOS-15.6-arm64-arm-64bit
[0m21:48:57.625657 [info ] [MainThread]: Using profiles dir at /Users/next/.dbt
[0m21:48:57.626024 [info ] [MainThread]: Using profiles.yml file at /Users/next/.dbt/profiles.yml
[0m21:48:57.626215 [info ] [MainThread]: Using dbt_project.yml file at /Users/next/ENVIROMENT/python/real_time_city_monitor_airflow/dbt_project.yml
[0m21:48:57.626612 [info ] [MainThread]: adapter type: postgres
[0m21:48:57.626827 [info ] [MainThread]: adapter version: 1.7.15
[0m21:48:57.627004 [info ] [MainThread]: Configuration:
[0m21:48:57.627152 [info ] [MainThread]:   profiles.yml file [[32mOK found and valid[0m]
[0m21:48:57.627306 [info ] [MainThread]:   dbt_project.yml file [[31mERROR not found[0m]
[0m21:48:57.627475 [info ] [MainThread]: Required dependencies:
[0m21:48:57.627825 [debug] [MainThread]: Executing "git --help"
[0m21:48:57.703117 [debug] [MainThread]: STDOUT: "b"usage: git [-v | --version] [-h | --help] [-C <path>] [-c <name>=<value>]\n           [--exec-path[=<path>]] [--html-path] [--man-path] [--info-path]\n           [-p | --paginate | -P | --no-pager] [--no-replace-objects] [--bare]\n           [--git-dir=<path>] [--work-tree=<path>] [--namespace=<name>]\n           [--super-prefix=<path>] [--config-env=<name>=<envvar>]\n           <command> [<args>]\n\nThese are common Git commands used in various situations:\n\nstart a working area (see also: git help tutorial)\n   clone     Clone a repository into a new directory\n   init      Create an empty Git repository or reinitialize an existing one\n\nwork on the current change (see also: git help everyday)\n   add       Add file contents to the index\n   mv        Move or rename a file, a directory, or a symlink\n   restore   Restore working tree files\n   rm        Remove files from the working tree and from the index\n\nexamine the history and state (see also: git help revisions)\n   bisect    Use binary search to find the commit that introduced a bug\n   diff      Show changes between commits, commit and working tree, etc\n   grep      Print lines matching a pattern\n   log       Show commit logs\n   show      Show various types of objects\n   status    Show the working tree status\n\ngrow, mark and tweak your common history\n   branch    List, create, or delete branches\n   commit    Record changes to the repository\n   merge     Join two or more development histories together\n   rebase    Reapply commits on top of another base tip\n   reset     Reset current HEAD to the specified state\n   switch    Switch branches\n   tag       Create, list, delete or verify a tag object signed with GPG\n\ncollaborate (see also: git help workflows)\n   fetch     Download objects and refs from another repository\n   pull      Fetch from and integrate with another repository or a local branch\n   push      Update remote refs along with associated objects\n\n'git help -a' and 'git help -g' list available subcommands and some\nconcept guides. See 'git help <command>' or 'git help <concept>'\nto read about a specific subcommand or concept.\nSee 'git help git' for an overview of the system.\n""
[0m21:48:57.703856 [debug] [MainThread]: STDERR: "b''"
[0m21:48:57.704112 [info ] [MainThread]:  - git [[32mOK found[0m]

[0m21:48:57.704474 [info ] [MainThread]: Connection:
[0m21:48:57.704832 [info ] [MainThread]:   host: localhost
[0m21:48:57.705013 [info ] [MainThread]:   port: 5432
[0m21:48:57.705245 [info ] [MainThread]:   user: airflow
[0m21:48:57.706235 [info ] [MainThread]:   database: weather_dwh
[0m21:48:57.706655 [info ] [MainThread]:   schema: reporting
[0m21:48:57.706942 [info ] [MainThread]:   connect_timeout: 10
[0m21:48:57.707172 [info ] [MainThread]:   role: None
[0m21:48:57.707335 [info ] [MainThread]:   search_path: None
[0m21:48:57.707577 [info ] [MainThread]:   keepalives_idle: 0
[0m21:48:57.707832 [info ] [MainThread]:   sslmode: None
[0m21:48:57.708145 [info ] [MainThread]:   sslcert: None
[0m21:48:57.708309 [info ] [MainThread]:   sslkey: None
[0m21:48:57.708450 [info ] [MainThread]:   sslrootcert: None
[0m21:48:57.708588 [info ] [MainThread]:   application_name: dbt
[0m21:48:57.708813 [info ] [MainThread]:   retries: 1
[0m21:48:57.709168 [info ] [MainThread]: Registered adapter: postgres=1.7.15
[0m21:48:57.714400 [debug] [MainThread]: Acquiring new postgres connection 'debug'
[0m21:48:57.715354 [debug] [MainThread]: Using postgres connection "debug"
[0m21:48:57.715559 [debug] [MainThread]: On debug: select 1 as id
[0m21:48:57.715736 [debug] [MainThread]: Opening a new connection, currently in state init
[0m21:48:57.752626 [debug] [MainThread]: SQL status: SELECT 1 in 0.0 seconds
[0m21:48:57.753799 [debug] [MainThread]: On debug: Close
[0m21:48:57.754092 [info ] [MainThread]:   Connection test: [[32mOK connection ok[0m]

[0m21:48:57.754392 [info ] [MainThread]: [31m1 check failed:[0m
[0m21:48:57.754667 [info ] [MainThread]: Project loading failed for the following reason:
 project path </Users/next/ENVIROMENT/python/real_time_city_monitor_airflow/dbt_project.yml> not found

[0m21:48:57.755309 [debug] [MainThread]: Resource report: {"command_name": "debug", "command_wall_clock_time": 0.30907655, "process_user_time": 0.774537, "process_kernel_time": 0.168346, "process_mem_max_rss": "104595456", "command_success": false, "process_in_blocks": "0", "process_out_blocks": "0"}
[0m21:48:57.755836 [debug] [MainThread]: Command `dbt debug` failed at 21:48:57.755747 after 0.31 seconds
[0m21:48:57.756226 [debug] [MainThread]: Connection 'debug' was properly closed.
[0m21:48:57.756668 [debug] [MainThread]: Sending event: {'category': 'dbt', 'action': 'invocation', 'label': 'end', 'context': [<snowplow_tracker.self_describing_json.SelfDescribingJson object at 0x1044ce250>, <snowplow_tracker.self_describing_json.SelfDescribingJson object at 0x10a1e9150>, <snowplow_tracker.self_describing_json.SelfDescribingJson object at 0x10a730a10>]}
[0m21:48:57.757173 [debug] [MainThread]: Flushing usage events
