{"timestamp":"2025-09-20T15:28:32.024102","level":"info","event":"DAG bundles loaded: dags-folder","logger":"airflow.dag_processing.bundles.manager.DagBundlesManager"}
{"timestamp":"2025-09-20T15:28:32.026060","level":"info","event":"Filling up the DagBag from /opt/airflow/dags/weather_pipeline.py","logger":"airflow.models.dagbag.DagBag"}
{"timestamp":"2025-09-20T15:28:33.452682","level":"info","event":"Tmp dir root location: /tmp","logger":"airflow.task.hooks.airflow.providers.standard.hooks.subprocess.SubprocessHook"}
{"timestamp":"2025-09-20T15:28:33.455456","level":"info","event":"Running command: ['/usr/bin/bash', '-c', 'cd /opt/airflow/weather_dbt && dbt run --profiles-dir /opt/airflow/weather_dbt']","logger":"airflow.task.hooks.airflow.providers.standard.hooks.subprocess.SubprocessHook"}
{"timestamp":"2025-09-20T15:28:33.485975","level":"info","event":"Output:","logger":"airflow.task.hooks.airflow.providers.standard.hooks.subprocess.SubprocessHook"}
{"timestamp":"2025-09-20T15:28:36.313704","level":"info","event":"\u001b[0m15:28:36  Running with dbt=1.7.0","logger":"airflow.task.hooks.airflow.providers.standard.hooks.subprocess.SubprocessHook"}
{"timestamp":"2025-09-20T15:28:36.582311","level":"info","event":"\u001b[0m15:28:36  Registered adapter: postgres=1.7.0","logger":"airflow.task.hooks.airflow.providers.standard.hooks.subprocess.SubprocessHook"}
{"timestamp":"2025-09-20T15:28:36.641496","level":"info","event":"\u001b[0m15:28:36  Found 1 model, 1 source, 0 exposures, 0 metrics, 401 macros, 0 groups, 0 semantic models","logger":"airflow.task.hooks.airflow.providers.standard.hooks.subprocess.SubprocessHook"}
{"timestamp":"2025-09-20T15:28:36.648569","level":"info","event":"\u001b[0m15:28:36","logger":"airflow.task.hooks.airflow.providers.standard.hooks.subprocess.SubprocessHook"}
{"timestamp":"2025-09-20T15:28:36.773217","level":"info","event":"\u001b[0m15:28:36  Concurrency: 1 threads (target='dev')","logger":"airflow.task.hooks.airflow.providers.standard.hooks.subprocess.SubprocessHook"}
{"timestamp":"2025-09-20T15:28:36.773904","level":"info","event":"\u001b[0m15:28:36","logger":"airflow.task.hooks.airflow.providers.standard.hooks.subprocess.SubprocessHook"}
{"timestamp":"2025-09-20T15:28:36.789742","level":"info","event":"\u001b[0m15:28:36  1 of 1 START sql table model reporting.weather_summary ......................... [RUN]","logger":"airflow.task.hooks.airflow.providers.standard.hooks.subprocess.SubprocessHook"}
{"timestamp":"2025-09-20T15:28:36.849340","level":"info","event":"\u001b[0m15:28:36  1 of 1 ERROR creating sql table model reporting.weather_summary ................ [\u001b[31mERROR\u001b[0m in 0.06s]","logger":"airflow.task.hooks.airflow.providers.standard.hooks.subprocess.SubprocessHook"}
{"timestamp":"2025-09-20T15:28:36.926492","level":"info","event":"\u001b[0m15:28:36","logger":"airflow.task.hooks.airflow.providers.standard.hooks.subprocess.SubprocessHook"}
{"timestamp":"2025-09-20T15:28:36.930855","level":"info","event":"\u001b[0m15:28:36  Finished running 1 table model in 0 hours 0 minutes and 0.28 seconds (0.28s).","logger":"airflow.task.hooks.airflow.providers.standard.hooks.subprocess.SubprocessHook"}
{"timestamp":"2025-09-20T15:28:36.952761","level":"info","event":"\u001b[0m15:28:36","logger":"airflow.task.hooks.airflow.providers.standard.hooks.subprocess.SubprocessHook"}
{"timestamp":"2025-09-20T15:28:36.954401","level":"info","event":"\u001b[0m15:28:36  \u001b[31mCompleted with 1 error and 0 warnings:\u001b[0m","logger":"airflow.task.hooks.airflow.providers.standard.hooks.subprocess.SubprocessHook"}
{"timestamp":"2025-09-20T15:28:36.955717","level":"info","event":"\u001b[0m15:28:36","logger":"airflow.task.hooks.airflow.providers.standard.hooks.subprocess.SubprocessHook"}
{"timestamp":"2025-09-20T15:28:36.958288","level":"info","event":"\u001b[0m15:28:36    Database Error in model weather_summary (models/weather_summary/weather_summary.sql)","logger":"airflow.task.hooks.airflow.providers.standard.hooks.subprocess.SubprocessHook"}
{"timestamp":"2025-09-20T15:28:36.958686","level":"info","event":"  cross-database references are not implemented: \"airflow.staging.clean_weather_data\"","logger":"airflow.task.hooks.airflow.providers.standard.hooks.subprocess.SubprocessHook"}
{"timestamp":"2025-09-20T15:28:36.958788","level":"info","event":"  LINE 13:     select * from \"airflow\".\"staging\".\"clean_weather_data\"","logger":"airflow.task.hooks.airflow.providers.standard.hooks.subprocess.SubprocessHook"}
{"timestamp":"2025-09-20T15:28:36.958852","level":"info","event":"                             ^","logger":"airflow.task.hooks.airflow.providers.standard.hooks.subprocess.SubprocessHook"}
{"timestamp":"2025-09-20T15:28:36.958901","level":"info","event":"  compiled Code at target/run/weather_dbt/models/weather_summary/weather_summary.sql","logger":"airflow.task.hooks.airflow.providers.standard.hooks.subprocess.SubprocessHook"}
{"timestamp":"2025-09-20T15:28:36.960500","level":"info","event":"\u001b[0m15:28:36","logger":"airflow.task.hooks.airflow.providers.standard.hooks.subprocess.SubprocessHook"}
{"timestamp":"2025-09-20T15:28:36.961017","level":"info","event":"\u001b[0m15:28:36  Done. PASS=0 WARN=0 ERROR=1 SKIP=0 TOTAL=1","logger":"airflow.task.hooks.airflow.providers.standard.hooks.subprocess.SubprocessHook"}
{"timestamp":"2025-09-20T15:28:39.492896","level":"info","event":"Command exited with return code 1","logger":"airflow.task.hooks.airflow.providers.standard.hooks.subprocess.SubprocessHook"}
{"timestamp":"2025-09-20T15:28:39.646761Z","level":"error","event":"Server indicated the task shouldn't be running anymore. Terminating process","detail":{"detail":{"reason":"not_found","message":"Task Instance not found"}},"logger":"task"}
{"timestamp":"2025-09-20T15:28:39.498840","level":"error","event":"Task failed with exception","logger":"task","error_detail":[{"exc_type":"AirflowException","exc_value":"Bash command failed. The command returned a non-zero exit code 1.","exc_notes":[],"syntax_error":null,"is_cause":false,"frames":[{"filename":"/home/airflow/.local/lib/python3.12/site-packages/airflow/sdk/execution_time/task_runner.py","lineno":825,"name":"run"},{"filename":"/home/airflow/.local/lib/python3.12/site-packages/airflow/sdk/execution_time/task_runner.py","lineno":1088,"name":"_execute_task"},{"filename":"/home/airflow/.local/lib/python3.12/site-packages/airflow/sdk/bases/operator.py","lineno":408,"name":"wrapper"},{"filename":"/home/airflow/.local/lib/python3.12/site-packages/airflow/providers/standard/decorators/bash.py","lineno":100,"name":"execute"},{"filename":"/home/airflow/.local/lib/python3.12/site-packages/airflow/sdk/bases/operator.py","lineno":408,"name":"wrapper"},{"filename":"/home/airflow/.local/lib/python3.12/site-packages/airflow/sdk/bases/decorator.py","lineno":251,"name":"execute"},{"filename":"/home/airflow/.local/lib/python3.12/site-packages/airflow/sdk/bases/operator.py","lineno":408,"name":"wrapper"},{"filename":"/home/airflow/.local/lib/python3.12/site-packages/airflow/providers/standard/operators/bash.py","lineno":233,"name":"execute"}]}]}
{"timestamp":"2025-09-20T15:28:39.672557Z","level":"error","event":"Task killed!","logger":"task"}
